<?xml version="1.0" encoding="utf-8"?><testsuites name="pytest tests"><testsuite name="pytest" errors="0" failures="0" skipped="0" tests="24" time="1.517" timestamp="2026-07-23T13:25:40.471221+00:00" hostname="agent-env-ebdc7be6-41a1-40c7-8d63-f5a10a54db5b"><testcase classname="tests.test_backend.TestArticles" name="test_list_articles_default" time="0.146" /><testcase classname="tests.test_backend.TestContact" name="test_contact_demo_form" time="0.147" /><testcase classname="tests.test_backend.TestArticles" name="test_list_articles_filter_by_category_africa" time="0.082" /><testcase classname="tests.test_backend.TestContact" name="test_contact_invalid_form_type" time="0.033" /><testcase classname="tests.test_backend.TestContact" name="test_contact_each_form_type[general]" time="0.038" /><testcase classname="tests.test_backend.TestContact" name="test_contact_each_form_type[demo]" time="0.075" /><testcase classname="tests.test_backend.TestArticles" name="test_list_articles_search_q" time="0.044" /><testcase classname="tests.test_backend.TestArticles" name="test_get_article_by_slug" time="0.042" /><testcase classname="tests.test_backend.TestContact" name="test_contact_each_form_type[investor]" time="0.079" /><testcase classname="tests.test_backend.TestArticles" name="test_get_article_not_found" time="0.078" /><testcase classname="tests.test_backend.TestContact" name="test_contact_each_form_type[careers]" time="0.080" /><testcase classname="tests.test_backend.TestNewsletter" name="test_subscribe_valid_fr" time="0.059" /><testcase classname="tests.test_backend.TestNewsletter" name="test_subscribe_upsert_same_email" time="0.168" /><testcase classname="tests.test_backend.TestContact" name="test_contact_each_form_type[partnership]" time="0.038" /><testcase classname="tests.test_backend.TestContact" name="test_contact_each_form_type[support]" time="0.076" /><testcase classname="tests.test_backend.TestSearch" name="test_search_investor" time="0.040" /><testcase classname="tests.test_backend.TestSearch" name="test_search_min_length" time="0.077" /><testcase classname="tests.test_backend.TestNewsletter" name="test_subscribe_invalid_email" time="0.044" /><testcase classname="tests.test_backend.TestInvestorAccess" name="test_access_code_mkcmt2026_grants" time="0.057" /><testcase classname="tests.test_backend.TestRoot" name="test_root_status_ok" time="0.077" /><testcase classname="tests.test_backend.TestInvestorAccess" name="test_access_code_investor_demo_grants" time="0.039" /><testcase classname="tests.test_backend.TestInvestorAccess" name="test_access_without_code_pending" time="0.052" /><testcase classname="tests.test_backend.TestSiteStats" name="test_site_stats_numeric_fields" time="0.071" /><testcase classname="tests.test_backend.TestNDA" name="test_nda_ok" time="0.061" /></testsuite></testsuites>